mode: set
go-rest-webservices-book-library/services/bookService.go:27.13,30.2 2 0
go-rest-webservices-book-library/services/bookService.go:32.68,34.2 1 0
go-rest-webservices-book-library/services/bookService.go:36.63,38.2 1 0
go-rest-webservices-book-library/services/bookService.go:40.67,42.2 1 0
go-rest-webservices-book-library/services/bookService.go:44.72,46.2 1 0
go-rest-webservices-book-library/services/bookService.go:48.54,50.2 1 0
go-rest-webservices-book-library/services/bookService.go:52.58,55.18 2 1
go-rest-webservices-book-library/services/bookService.go:56.13,57.23 1 1
go-rest-webservices-book-library/services/bookService.go:58.16,59.26 1 1
go-rest-webservices-book-library/services/bookService.go:60.13,61.26 1 1
go-rest-webservices-book-library/services/bookService.go:65.64,73.43 6 1
go-rest-webservices-book-library/services/bookService.go:73.43,75.23 2 1
go-rest-webservices-book-library/services/bookService.go:75.23,79.4 3 1
go-rest-webservices-book-library/services/bookService.go:79.9,81.4 1 1
go-rest-webservices-book-library/services/bookService.go:82.8,85.3 2 1
go-rest-webservices-book-library/services/bookService.go:88.61,94.16 4 1
go-rest-webservices-book-library/services/bookService.go:94.16,95.22 1 1
go-rest-webservices-book-library/services/bookService.go:95.22,97.4 1 1
go-rest-webservices-book-library/services/bookService.go:97.9,100.4 2 1
go-rest-webservices-book-library/services/bookService.go:101.8,103.3 1 1
go-rest-webservices-book-library/services/bookService.go:106.64,112.24 4 1
go-rest-webservices-book-library/services/bookService.go:112.24,114.3 1 1
go-rest-webservices-book-library/services/bookService.go:114.8,116.3 1 1
go-rest-webservices-book-library/services/bookService.go:119.65,124.16 3 1
go-rest-webservices-book-library/services/bookService.go:124.16,127.3 2 1
go-rest-webservices-book-library/services/bookService.go:127.8,129.3 1 1
go-rest-webservices-book-library/services/bookService.go:132.61,139.43 5 1
go-rest-webservices-book-library/services/bookService.go:139.43,141.29 2 1
go-rest-webservices-book-library/services/bookService.go:141.29,144.4 2 1
go-rest-webservices-book-library/services/bookService.go:144.9,146.4 1 1
go-rest-webservices-book-library/services/bookService.go:147.8,150.3 2 1
go-rest-webservices-book-library/services/bookService.go:153.41,155.2 1 1
go-rest-webservices-book-library/services/bookService.go:157.42,161.31 3 1
go-rest-webservices-book-library/services/bookService.go:167.2,167.21 1 1
go-rest-webservices-book-library/services/bookService.go:161.31,163.3 1 1
go-rest-webservices-book-library/services/bookService.go:163.8,165.3 1 0
