mode: set
go-rest-webservices-book-library/services/bookService.go:27.13,30.2 2 0
go-rest-webservices-book-library/services/bookService.go:32.68,34.2 1 0
go-rest-webservices-book-library/services/bookService.go:36.63,38.2 1 0
go-rest-webservices-book-library/services/bookService.go:40.67,42.2 1 0
go-rest-webservices-book-library/services/bookService.go:44.72,46.2 1 0
go-rest-webservices-book-library/services/bookService.go:48.54,50.2 1 0
go-rest-webservices-book-library/services/bookService.go:52.58,55.18 2 1
go-rest-webservices-book-library/services/bookService.go:56.13,57.23 1 1
go-rest-webservices-book-library/services/bookService.go:58.16,59.26 1 1
go-rest-webservices-book-library/services/bookService.go:60.13,61.26 1 1
go-rest-webservices-book-library/services/bookService.go:62.10,63.45 1 1
go-rest-webservices-book-library/services/bookService.go:67.64,72.11 4 1
go-rest-webservices-book-library/services/bookService.go:72.11,74.23 2 1
go-rest-webservices-book-library/services/bookService.go:74.23,78.4 3 1
go-rest-webservices-book-library/services/bookService.go:78.9,80.4 1 1
go-rest-webservices-book-library/services/bookService.go:81.8,84.3 2 1
go-rest-webservices-book-library/services/bookService.go:87.61,93.16 4 1
go-rest-webservices-book-library/services/bookService.go:93.16,94.22 1 1
go-rest-webservices-book-library/services/bookService.go:94.22,96.4 1 1
go-rest-webservices-book-library/services/bookService.go:96.9,99.4 2 1
go-rest-webservices-book-library/services/bookService.go:100.8,102.3 1 1
go-rest-webservices-book-library/services/bookService.go:105.64,111.24 4 1
go-rest-webservices-book-library/services/bookService.go:111.24,113.3 1 1
go-rest-webservices-book-library/services/bookService.go:113.8,115.3 1 1
go-rest-webservices-book-library/services/bookService.go:118.65,123.16 3 1
go-rest-webservices-book-library/services/bookService.go:123.16,126.3 2 1
go-rest-webservices-book-library/services/bookService.go:126.8,128.3 1 1
go-rest-webservices-book-library/services/bookService.go:131.61,135.11 3 1
go-rest-webservices-book-library/services/bookService.go:135.11,137.29 2 1
go-rest-webservices-book-library/services/bookService.go:137.29,140.4 2 1
go-rest-webservices-book-library/services/bookService.go:140.9,142.4 1 1
go-rest-webservices-book-library/services/bookService.go:143.8,146.3 2 1
go-rest-webservices-book-library/services/bookService.go:149.55,155.2 4 1
go-rest-webservices-book-library/services/bookService.go:157.42,161.31 3 1
go-rest-webservices-book-library/services/bookService.go:167.2,167.21 1 1
go-rest-webservices-book-library/services/bookService.go:161.31,163.3 1 1
go-rest-webservices-book-library/services/bookService.go:163.8,165.3 1 0
